<?xml version="1.0" encoding="UTF-8" ?>
<testsuite tests="9" failures="0" name="com.models.ClientAndPetTest" time="0.018" errors="0" skipped="0">
  <properties>
[...]
</properties>
  <testcase classname="com.models.ClientAndPetTest" name="hashCodeClassClient" time="0.013"/>
  <testcase classname="com.models.ClientAndPetTest" name="getPet" time="0.001"/>
  <testcase classname="com.models.ClientAndPetTest" name="hashCodeClassPet" time="0.001"/>
  <testcase classname="com.models.ClientAndPetTest" name="getKindOfPet" time="0"/>
  <testcase classname="com.models.ClientAndPetTest" name="getId" time="0.001"/>
  <testcase classname="com.models.ClientAndPetTest" name="getPetName" time="0"/>
  <testcase classname="com.models.ClientAndPetTest" name="equalsClassPet" time="0"/>
  <testcase classname="com.models.ClientAndPetTest" name="getClientName" time="0.001"/>
  <testcase classname="com.models.ClientAndPetTest" name="equalsClassClient" time="0.001"/>
</testsuite>